# JRE version: Java(TM) SE Runtime Environment (8.0_151-b12) (build 1.8.0_151-b12)
# Java VM: Java HotSpot(TM) 64-Bit Server VM (25.151-b12 mixed mode linux-amd64 compressed oops)
Heap:
 PSYoungGen      total 512000K, used 185832K [0x000000076d180000, 0x0000000791d80000, 0x00000007c0000000)
  eden space 507904K, 36% used [0x000000076d180000,0x00000007786fa0d0,0x000000078c180000)
  from space 4096K, 0% used [0x000000078ce80000,0x000000078ce80000,0x000000078d280000)
  to   space 13312K, 0% used [0x000000078c180000,0x000000078c180000,0x000000078ce80000)
 ParOldGen       total 183296K, used 20742K [0x00000006c7400000, 0x00000006d2700000, 0x000000076d180000)
  object space 183296K, 11% used [0x00000006c7400000,0x00000006c88419d0,0x00000006d2700000)
 Metaspace       used 35902K, capacity 36270K, committed 36608K, reserved 1081344K
  class space    used 4486K, capacity 4590K, committed 4608K, reserved 1048576K
GC Heap History (10 events):
Event: 3,691 GC heap before
{Heap before GC invocations=8 (full 1):
 PSYoungGen      total 266752K, used 7235K [0x000000076d180000, 0x000000078db80000, 0x00000007c0000000)
  eden space 257536K, 0% used [0x000000076d180000,0x000000076d180000,0x000000077cd00000)
  from space 9216K, 78% used [0x000000077cd00000,0x000000077d410f50,0x000000077d600000)
  to   space 9728K, 0% used [0x000000078d200000,0x000000078d200000,0x000000078db80000)
 ParOldGen       total 171008K, used 1842K [0x00000006c7400000, 0x00000006d1b00000, 0x000000076d180000)
  object space 171008K, 1% used [0x00000006c7400000,0x00000006c75cca78,0x00000006d1b00000)
 Metaspace       used 20920K, capacity 21214K, committed 21296K, reserved 1069056K
  class space    used 2555K, capacity 2660K, committed 2688K, reserved 1048576K
Event: 3,780 GC heap after
Heap after GC invocations=8 (full 1):
 PSYoungGen      total 266752K, used 0K [0x000000076d180000, 0x000000078db80000, 0x00000007c0000000)
  eden space 257536K, 0% used [0x000000076d180000,0x000000076d180000,0x000000077cd00000)
  from space 9216K, 0% used [0x000000077cd00000,0x000000077cd00000,0x000000077d600000)
  to   space 9728K, 0% used [0x000000078d200000,0x000000078d200000,0x000000078db80000)
 ParOldGen       total 107520K, used 8729K [0x00000006c7400000, 0x00000006cdd00000, 0x000000076d180000)
  object space 107520K, 8% used [0x00000006c7400000,0x00000006c7c866e0,0x00000006cdd00000)
 Metaspace       used 20920K, capacity 21214K, committed 21296K, reserved 1069056K
  class space    used 2555K, capacity 2660K, committed 2688K, reserved 1048576K
}
Event: 5,071 GC heap before
{Heap before GC invocations=9 (full 1):
 PSYoungGen      total 266752K, used 257536K [0x000000076d180000, 0x000000078db80000, 0x00000007c0000000)
  eden space 257536K, 100% used [0x000000076d180000,0x000000077cd00000,0x000000077cd00000)
  from space 9216K, 0% used [0x000000077cd00000,0x000000077cd00000,0x000000077d600000)
  to   space 9728K, 0% used [0x000000078d200000,0x000000078d200000,0x000000078db80000)
 ParOldGen       total 107520K, used 8729K [0x00000006c7400000, 0x00000006cdd00000, 0x000000076d180000)
  object space 107520K, 8% used [0x00000006c7400000,0x00000006c7c866e0,0x00000006cdd00000)
 Metaspace       used 24816K, capacity 25116K, committed 25216K, reserved 1071104K
  class space    used 3059K, capacity 3145K, committed 3200K, reserved 1048576K
Event: 5,080 GC heap after
Heap after GC invocations=9 (full 1):
 PSYoungGen      total 376832K, used 5228K [0x000000076d180000, 0x000000078d780000, 0x00000007c0000000)
  eden space 371200K, 0% used [0x000000076d180000,0x000000076d180000,0x0000000783c00000)
  from space 5632K, 92% used [0x000000078d200000,0x000000078d71b2b0,0x000000078d780000)
  to   space 9216K, 0% used [0x000000078c580000,0x000000078c580000,0x000000078ce80000)
 ParOldGen       total 107520K, used 8737K [0x00000006c7400000, 0x00000006cdd00000, 0x000000076d180000)
  object space 107520K, 8% used [0x00000006c7400000,0x00000006c7c886e0,0x00000006cdd00000)
 Metaspace       used 24816K, capacity 25116K, committed 25216K, reserved 1071104K
  class space    used 3059K, capacity 3145K, committed 3200K, reserved 1048576K
}
Event: 7,287 GC heap before
{Heap before GC invocations=10 (full 1):
 PSYoungGen      total 376832K, used 376428K [0x000000076d180000, 0x000000078d780000, 0x00000007c0000000)
  eden space 371200K, 100% used [0x000000076d180000,0x0000000783c00000,0x0000000783c00000)
  from space 5632K, 92% used [0x000000078d200000,0x000000078d71b2b0,0x000000078d780000)
  to   space 9216K, 0% used [0x000000078c580000,0x000000078c580000,0x000000078ce80000)
 ParOldGen       total 107520K, used 8737K [0x00000006c7400000, 0x00000006cdd00000, 0x000000076d180000)
  object space 107520K, 8% used [0x00000006c7400000,0x00000006c7c886e0,0x00000006cdd00000)
 Metaspace       used 30755K, capacity 31154K, committed 31488K, reserved 1077248K
  class space    used 3862K, capacity 3994K, committed 4096K, reserved 1048576K
Event: 7,307 GC heap after
Heap after GC invocations=10 (full 1):
 PSYoungGen      total 471040K, used 9198K [0x000000076d180000, 0x000000078d280000, 0x00000007c0000000)
  eden space 461824K, 0% used [0x000000076d180000,0x000000076d180000,0x0000000789480000)
  from space 9216K, 99% used [0x000000078c580000,0x000000078ce7b880,0x000000078ce80000)
  to   space 4096K, 0% used [0x000000078ce80000,0x000000078ce80000,0x000000078d280000)
 ParOldGen       total 107520K, used 9286K [0x00000006c7400000, 0x00000006cdd00000, 0x000000076d180000)
  object space 107520K, 8% used [0x00000006c7400000,0x00000006c7d11840,0x00000006cdd00000)
 Metaspace       used 30755K, capacity 31154K, committed 31488K, reserved 1077248K
  class space    used 3862K, capacity 3994K, committed 4096K, reserved 1048576K
}
Event: 8,475 GC heap before
{Heap before GC invocations=11 (full 1):
 PSYoungGen      total 471040K, used 313903K [0x000000076d180000, 0x000000078d280000, 0x00000007c0000000)
  eden space 461824K, 65% used [0x000000076d180000,0x000000077fb105a8,0x0000000789480000)
  from space 9216K, 99% used [0x000000078c580000,0x000000078ce7b880,0x000000078ce80000)
  to   space 4096K, 0% used [0x000000078ce80000,0x000000078ce80000,0x000000078d280000)
 ParOldGen       total 107520K, used 9286K [0x00000006c7400000, 0x00000006cdd00000, 0x000000076d180000)
  object space 107520K, 8% used [0x00000006c7400000,0x00000006c7d11840,0x00000006cdd00000)
 Metaspace       used 34840K, capacity 35214K, committed 35456K, reserved 1081344K
  class space    used 4306K, capacity 4430K, committed 4480K, reserved 1048576K
Event: 8,496 GC heap after
Heap after GC invocations=11 (full 1):
 PSYoungGen      total 512000K, used 4084K [0x000000076d180000, 0x0000000791d80000, 0x00000007c0000000)
  eden space 507904K, 0% used [0x000000076d180000,0x000000076d180000,0x000000078c180000)
  from space 4096K, 99% used [0x000000078ce80000,0x000000078d27d040,0x000000078d280000)
  to   space 13312K, 0% used [0x000000078c180000,0x000000078c180000,0x000000078ce80000)
 ParOldGen       total 107520K, used 19609K [0x00000006c7400000, 0x00000006cdd00000, 0x000000076d180000)
  object space 107520K, 18% used [0x00000006c7400000,0x00000006c8726748,0x00000006cdd00000)
 Metaspace       used 34840K, capacity 35214K, committed 35456K, reserved 1081344K
  class space    used 4306K, capacity 4430K, committed 4480K, reserved 1048576K
}
Event: 8,496 GC heap before
{Heap before GC invocations=12 (full 2):
 PSYoungGen      total 512000K, used 4084K [0x000000076d180000, 0x0000000791d80000, 0x00000007c0000000)
  eden space 507904K, 0% used [0x000000076d180000,0x000000076d180000,0x000000078c180000)
  from space 4096K, 99% used [0x000000078ce80000,0x000000078d27d040,0x000000078d280000)
  to   space 13312K, 0% used [0x000000078c180000,0x000000078c180000,0x000000078ce80000)
 ParOldGen       total 107520K, used 19609K [0x00000006c7400000, 0x00000006cdd00000, 0x000000076d180000)
  object space 107520K, 18% used [0x00000006c7400000,0x00000006c8726748,0x00000006cdd00000)
 Metaspace       used 34840K, capacity 35214K, committed 35456K, reserved 1081344K
  class space    used 4306K, capacity 4430K, committed 4480K, reserved 1048576K
Event: 8,626 GC heap after
Heap after GC invocations=12 (full 2):
 PSYoungGen      total 512000K, used 0K [0x000000076d180000, 0x0000000791d80000, 0x00000007c0000000)
  eden space 507904K, 0% used [0x000000076d180000,0x000000076d180000,0x000000078c180000)
  from space 4096K, 0% used [0x000000078ce80000,0x000000078ce80000,0x000000078d280000)
  to   space 13312K, 0% used [0x000000078c180000,0x000000078c180000,0x000000078ce80000)
 ParOldGen       total 183296K, used 20742K [0x00000006c7400000, 0x00000006d2700000, 0x000000076d180000)
  object space 183296K, 11% used [0x00000006c7400000,0x00000006c88419d0,0x00000006d2700000)
 Metaspace       used 34840K, capacity 35214K, committed 35456K, reserved 1081344K
  class space    used 4306K, capacity 4430K, committed 4480K, reserved 1048576K
}

